<?xml version="1.0" encoding="UTF-8"?>
<!-- Generated by org.testng.reporters.JUnitXMLReporter -->
<testsuite hostname="Hunteron" ignored="0" name="Default test" tests="3" failures="0" timestamp="01 三月 2018 03:55:54 GMT" time="45.56" errors="0">
  <testcase name="testDetectAnomalyProcessable" time="33.763" classname="com.yahoo.egads.TestGetAnomalyList"/>
  <testcase name="testTransformInputProcessable" time="6.902" classname="com.yahoo.egads.TestGetAnomalyList"/>
  <testcase name="testUpdateModelProcessable" time="4.872" classname="com.yahoo.egads.TestGetAnomalyList"/>
</testsuite> <!-- Default test -->
