<?xml version="1.0" encoding="UTF-8"?>
<testng-results skipped="0" failed="0" ignored="0" total="3" passed="3">
  <reporter-output>
  </reporter-output>
  <suite name="Default suite" duration-ms="45560" started-at="2018-03-01T03:55:08Z" finished-at="2018-03-01T03:55:54Z">
    <groups>
    </groups>
    <test name="Default test" duration-ms="45560" started-at="2018-03-01T03:55:08Z" finished-at="2018-03-01T03:55:54Z">
      <class name="com.yahoo.egads.TestGetAnomalyList">
        <test-method status="PASS" signature="testDetectAnomalyProcessable()[pri:0, instance:com.yahoo.egads.TestGetAnomalyList@36c88a32]" name="testDetectAnomalyProcessable" duration-ms="33763" started-at="2018-03-01T11:55:08Z" finished-at="2018-03-01T11:55:42Z">
          <reporter-output>
          </reporter-output>
        </test-method> <!-- testDetectAnomalyProcessable -->
        <test-method status="PASS" signature="testTransformInputProcessable()[pri:0, instance:com.yahoo.egads.TestGetAnomalyList@36c88a32]" name="testTransformInputProcessable" duration-ms="6902" started-at="2018-03-01T11:55:42Z" finished-at="2018-03-01T11:55:49Z">
          <reporter-output>
          </reporter-output>
        </test-method> <!-- testTransformInputProcessable -->
        <test-method status="PASS" signature="testUpdateModelProcessable()[pri:0, instance:com.yahoo.egads.TestGetAnomalyList@36c88a32]" name="testUpdateModelProcessable" duration-ms="4872" started-at="2018-03-01T11:55:49Z" finished-at="2018-03-01T11:55:54Z">
          <reporter-output>
          </reporter-output>
        </test-method> <!-- testUpdateModelProcessable -->
      </class> <!-- com.yahoo.egads.TestGetAnomalyList -->
    </test> <!-- Default test -->
  </suite> <!-- Default suite -->
</testng-results>
